<?xml version="1.0" encoding="UTF-8"?>
<testsuites name="SOAP Test Suite" time="5.502" tests="1" failures="0" errors="0">
   <testsuite name="SOAP Test Suite" tests="1" failures="0" errors="0" time="5.502" skipped="0" timestamp="25-01-2024T14:38:06" hostname="1327 - LAPTOP-5HF3JFJP" id="Test Suites/SOAP API/SOAP Test Suite">
      <properties>
         <property name="deviceName" value=""/>
         <property name="devicePlatform" value=""/>
         <property name="logFolder" value="C:\\Users\\1327\\git\\katalon-api-1\\Reports\\20240125_143617\\SOAP API\\SOAP Test Suite\\20240125_143706"/>
         <property name="logFiles" value="C:\\Users\\1327\\git\\katalon-api-1\\Reports\\20240125_143617\\SOAP API\\SOAP Test Suite\\20240125_143706\\execution0.log"/>
         <property name="attachments" value=""/>
         <property name="hostName" value="1327 - LAPTOP-5HF3JFJP"/>
         <property name="hostAddress" value="192.168.77.2"/>
         <property name="os" value="Windows 11 64bit"/>
         <property name="katalonVersion" value="9.2.0.212"/>
      </properties>
      <testcase name="Test Cases/SOAP API/Chaining_SOAP" time="5.207" classname="Test Cases/SOAP API/Chaining_SOAP" status="PASSED">
         <system-out><![CDATA[25-01-2024T14:38:06 - [TEST_CASE][PASSED] - Test Cases/SOAP API/Chaining_SOAP: Test Cases/SOAP API/Chaining_SOAP

25-01-2024T14:38:06 - [TEST_STEP][PASSED] - sendRequestAndVerify(findTestObject("SOAP Service/SOAPDemoSoap/AddInteger", ["var1":"8", "var2":"8"])): Send request and verify the response successfully

25-01-2024T14:38:09 - [MESSAGE][INFO] - HAR: C:\Users\1327\git\katalon-api-1\Reports\20240125_143617\SOAP API\SOAP Test Suite\20240125_143706\requests\main\0.har

25-01-2024T14:38:09 - [TEST_CASE][PASSED] - Start Test Case : Verification: Verification accomplished successfully

25-01-2024T14:38:09 - [TEST_STEP][PASSED] - request = getInstance().getCurrentRequest(): null

25-01-2024T14:38:09 - [TEST_STEP][PASSED] - response = getInstance().getCurrentResponse(): null

25-01-2024T14:38:09 - [TEST_STEP][PASSED] - SOAP_Total = getElementPropertyValue(response, "AddIntegerResponse.AddIntegerResult"): null

25-01-2024T14:38:10 - [TEST_STEP][PASSED] - out.println(SOAP_Total): null

25-01-2024T14:38:10 - [MESSAGE][PASSED] - Verify response successfully

25-01-2024T14:38:10 - [MESSAGE][PASSED] - All validation steps have been passed

25-01-2024T14:38:10 - [MESSAGE][PASSED] - Send request and verify the response successfully

25-01-2024T14:38:10 - [TEST_STEP][PASSED] - sendRequestAndVerify(findTestObject("SOAP Service/SOAPDemoSoap/DivideInteger", ["total_sum":SOAP_Total, "int_1":"2"])): Send request and verify the response successfully

25-01-2024T14:38:11 - [MESSAGE][INFO] - HAR: C:\Users\1327\git\katalon-api-1\Reports\20240125_143617\SOAP API\SOAP Test Suite\20240125_143706\requests\main\1.har

25-01-2024T14:38:11 - [TEST_CASE][PASSED] - Start Test Case : Verification: Verification accomplished successfully

25-01-2024T14:38:11 - [TEST_STEP][PASSED] - request = getInstance().getCurrentRequest(): null

25-01-2024T14:38:11 - [TEST_STEP][PASSED] - response = getInstance().getCurrentResponse(): null

25-01-2024T14:38:11 - [TEST_STEP][PASSED] - Result = getElementPropertyValue(response, "DivideIntegerResponse.DivideIntegerResult"): null

25-01-2024T14:38:11 - [TEST_STEP][PASSED] - variable1 = request.getVariables(): null

25-01-2024T14:38:11 - [TEST_STEP][PASSED] - var1 = variable1.get("int_1"): null

25-01-2024T14:38:11 - [TEST_STEP][PASSED] - var2 = variable1.get("total_sum"): null

25-01-2024T14:38:11 - [TEST_STEP][PASSED] - out.println(var2): null

25-01-2024T14:38:11 - [TEST_STEP][PASSED] - out.println(var1): null

25-01-2024T14:38:11 - [TEST_STEP][PASSED] - out.println(Result): null

25-01-2024T14:38:11 - [MESSAGE][PASSED] - Verify response successfully

25-01-2024T14:38:11 - [MESSAGE][PASSED] - All validation steps have been passed

25-01-2024T14:38:11 - [MESSAGE][PASSED] - Send request and verify the response successfully]]></system-out>
         <system-err><![CDATA[]]></system-err>
      </testcase>
      <system-out><![CDATA[25-01-2024T14:38:06 - [TEST_SUITE][PASSED] - SOAP Test Suite: Test Cases/SOAP API/Chaining_SOAP]]></system-out>
      <system-err><![CDATA[]]></system-err>
   </testsuite>
</testsuites>
